2001.08.07 16:36 B C:\My Documents\Web Site Stuff\UW Student Home Page\web11\_derived\home_cmp_boldstri110_gbtn.gif --> dante.u.washington.edu /nfs/guido04/dw08/d68/wck5/_derived home_cmp_boldstri110_gbtn.gif
2001.08.07 16:36 B C:\My Documents\Web Site Stuff\UW Student Home Page\web11\_derived\home_cmp_boldstri110_vbtn.gif --> dante.u.washington.edu /nfs/guido04/dw08/d68/wck5/_derived home_cmp_boldstri110_vbtn.gif
2001.08.07 16:36 B C:\My Documents\Web Site Stuff\UW Student Home Page\web11\_derived\home_cmp_boldstri110_vbtn_a.gif --> dante.u.washington.edu /nfs/guido04/dw08/d68/wck5/_derived home_cmp_boldstri110_vbtn_a.gif
2001.08.07 16:36 B C:\My Documents\Web Site Stuff\UW Student Home Page\web11\_derived\home_cmp_boldstri110_vbtn_p.gif --> dante.u.washington.edu /nfs/guido04/dw08/d68/wck5/_derived home_cmp_boldstri110_vbtn_p.gif
2001.08.07 16:36 B C:\My Documents\Web Site Stuff\UW Student Home Page\web11\_derived\how_to_join.htm_cmp_boldstri110_bnr.gif --> dante.u.washington.edu /nfs/guido04/dw08/d68/wck5/_derived how_to_join.htm_cmp_boldstri110_bnr.gif
2001.08.07 16:36 B C:\My Documents\Web Site Stuff\UW Student Home Page\web11\_derived\how_to_join.htm_cmp_boldstri110_vbtn.gif --> dante.u.washington.edu /nfs/guido04/dw08/d68/wck5/_derived how_to_join.htm_cmp_boldstri110_vbtn.gif
2001.08.07 16:36 B C:\My Documents\Web Site Stuff\UW Student Home Page\web11\_derived\how_to_join.htm_cmp_boldstri110_vbtn_a.gif --> dante.u.washington.edu /nfs/guido04/dw08/d68/wck5/_derived how_to_join.htm_cmp_boldstri110_vbtn_a.gif
2001.08.07 16:36 B C:\My Documents\Web Site Stuff\UW Student Home Page\web11\_derived\how_to_join.htm_cmp_boldstri110_vbtn_p.gif --> dante.u.washington.edu /nfs/guido04/dw08/d68/wck5/_derived how_to_join.htm_cmp_boldstri110_vbtn_p.gif
2001.08.07 16:36 B C:\My Documents\Web Site Stuff\UW Student Home Page\web11\_derived\index.htm_cmp_boldstri110_bnr.gif --> dante.u.washington.edu /nfs/guido04/dw08/d68/wck5/_derived index.htm_cmp_boldstri110_bnr.gif
2001.08.07 16:36 B C:\My Documents\Web Site Stuff\UW Student Home Page\web11\_derived\new_page_2.htm_cmp_boldstri110_bnr.gif --> dante.u.washington.edu /nfs/guido04/dw08/d68/wck5/_derived new_page_2.htm_cmp_boldstri110_bnr.gif
2001.08.07 16:36 B C:\My Documents\Web Site Stuff\UW Student Home Page\web11\_derived\new_page_2.htm_cmp_boldstri110_vbtn.gif --> dante.u.washington.edu /nfs/guido04/dw08/d68/wck5/_derived new_page_2.htm_cmp_boldstri110_vbtn.gif
2001.08.07 16:36 B C:\My Documents\Web Site Stuff\UW Student Home Page\web11\_derived\new_page_2.htm_cmp_boldstri110_vbtn_a.gif --> dante.u.washington.edu /nfs/guido04/dw08/d68/wck5/_derived new_page_2.htm_cmp_boldstri110_vbtn_a.gif
2001.08.07 16:36 B C:\My Documents\Web Site Stuff\UW Student Home Page\web11\_derived\new_page_2.htm_cmp_boldstri110_vbtn_p.gif --> dante.u.washington.edu /nfs/guido04/dw08/d68/wck5/_derived new_page_2.htm_cmp_boldstri110_vbtn_p.gif
2001.08.07 16:36 B C:\My Documents\Web Site Stuff\UW Student Home Page\web11\_derived\news.htm_cmp_boldstri110_bnr.gif --> dante.u.washington.edu /nfs/guido04/dw08/d68/wck5/_derived news.htm_cmp_boldstri110_bnr.gif
2001.08.07 16:36 B C:\My Documents\Web Site Stuff\UW Student Home Page\web11\_derived\news.htm_cmp_boldstri110_hbtn.gif --> dante.u.washington.edu /nfs/guido04/dw08/d68/wck5/_derived news.htm_cmp_boldstri110_hbtn.gif
2001.08.07 16:36 B C:\My Documents\Web Site Stuff\UW Student Home Page\web11\_derived\news.htm_cmp_boldstri110_hbtn_a.gif --> dante.u.washington.edu /nfs/guido04/dw08/d68/wck5/_derived news.htm_cmp_boldstri110_hbtn_a.gif
2001.08.07 16:36 B C:\My Documents\Web Site Stuff\UW Student Home Page\web11\_derived\news.htm_cmp_boldstri110_hbtn_p.gif --> dante.u.washington.edu /nfs/guido04/dw08/d68/wck5/_derived news.htm_cmp_boldstri110_hbtn_p.gif
2001.08.07 16:36 B C:\My Documents\Web Site Stuff\UW Student Home Page\web11\_derived\news.htm_cmp_boldstri110_vbtn.gif --> dante.u.washington.edu /nfs/guido04/dw08/d68/wck5/_derived news.htm_cmp_boldstri110_vbtn.gif
2001.08.07 16:36 B C:\My Documents\Web Site Stuff\UW Student Home Page\web11\_derived\news.htm_cmp_boldstri110_vbtn_a.gif --> dante.u.washington.edu /nfs/guido04/dw08/d68/wck5/_derived news.htm_cmp_boldstri110_vbtn_a.gif
2001.08.07 16:36 B C:\My Documents\Web Site Stuff\UW Student Home Page\web11\_derived\news.htm_cmp_boldstri110_vbtn_p.gif --> dante.u.washington.edu /nfs/guido04/dw08/d68/wck5/_derived news.htm_cmp_boldstri110_vbtn_p.gif
2001.08.07 16:36 B C:\My Documents\Web Site Stuff\UW Student Home Page\web11\_derived\nortbots.htm --> dante.u.washington.edu /nfs/guido04/dw08/d68/wck5/_derived nortbots.htm
2001.08.07 16:36 B C:\My Documents\Web Site Stuff\UW Student Home Page\web11\_derived\photos.htm_cmp_boldstri110_bnr.gif --> dante.u.washington.edu /nfs/guido04/dw08/d68/wck5/_derived photos.htm_cmp_boldstri110_bnr.gif
2001.08.07 16:36 B C:\My Documents\Web Site Stuff\UW Student Home Page\web11\_derived\photos.htm_cmp_boldstri110_vbtn.gif --> dante.u.washington.edu /nfs/guido04/dw08/d68/wck5/_derived photos.htm_cmp_boldstri110_vbtn.gif
2001.08.07 16:36 B C:\My Documents\Web Site Stuff\UW Student Home Page\web11\_derived\photos.htm_cmp_boldstri110_vbtn_a.gif --> dante.u.washington.edu /nfs/guido04/dw08/d68/wck5/_derived photos.htm_cmp_boldstri110_vbtn_a.gif
2001.08.07 16:36 B C:\My Documents\Web Site Stuff\UW Student Home Page\web11\_derived\photos.htm_cmp_boldstri110_vbtn_p.gif --> dante.u.washington.edu /nfs/guido04/dw08/d68/wck5/_derived photos.htm_cmp_boldstri110_vbtn_p.gif
2001.08.07 16:36 B C:\My Documents\Web Site Stuff\UW Student Home Page\web11\_derived\position_description.htm_cmp_boldstri110_bnr.gif --> dante.u.washington.edu /nfs/guido04/dw08/d68/wck5/_derived position_description.htm_cmp_boldstri110_bnr.gif
2001.08.07 16:36 B C:\My Documents\Web Site Stuff\UW Student Home Page\web11\_derived\position_description.htm_cmp_boldstri110_vbtn.gif --> dante.u.washington.edu /nfs/guido04/dw08/d68/wck5/_derived position_description.htm_cmp_boldstri110_vbtn.gif
2001.08.07 16:36 B C:\My Documents\Web Site Stuff\UW Student Home Page\web11\_derived\position_description.htm_cmp_boldstri110_vbtn_a.gif --> dante.u.washington.edu /nfs/guido04/dw08/d68/wck5/_derived position_description.htm_cmp_boldstri110_vbtn_a.gif
2001.08.07 16:36 B C:\My Documents\Web Site Stuff\UW Student Home Page\web11\_derived\prod01.htm_cmp_boldstri110_bnr.gif --> dante.u.washington.edu /nfs/guido04/dw08/d68/wck5/_derived prod01.htm_cmp_boldstri110_bnr.gif
2001.08.07 16:36 B C:\My Documents\Web Site Stuff\UW Student Home Page\web11\_derived\prod01.htm_cmp_boldstri110_hbtn.gif --> dante.u.washington.edu /nfs/guido04/dw08/d68/wck5/_derived prod01.htm_cmp_boldstri110_hbtn.gif
2001.08.07 16:36 B C:\My Documents\Web Site Stuff\UW Student Home Page\web11\_derived\prod01.htm_cmp_boldstri110_hbtn_a.gif --> dante.u.washington.edu /nfs/guido04/dw08/d68/wck5/_derived prod01.htm_cmp_boldstri110_hbtn_a.gif
2001.08.07 16:36 B C:\My Documents\Web Site Stuff\UW Student Home Page\web11\_derived\prod01.htm_cmp_boldstri110_hbtn_p.gif --> dante.u.washington.edu /nfs/guido04/dw08/d68/wck5/_derived prod01.htm_cmp_boldstri110_hbtn_p.gif
2001.08.07 16:36 B C:\My Documents\Web Site Stuff\UW Student Home Page\web11\_derived\prod01.htm_cmp_boldstri110_vbtn.gif --> dante.u.washington.edu /nfs/guido04/dw08/d68/wck5/_derived prod01.htm_cmp_boldstri110_vbtn.gif
2001.08.07 16:36 B C:\My Documents\Web Site Stuff\UW Student Home Page\web11\_derived\prod01.htm_cmp_boldstri110_vbtn_a.gif --> dante.u.washington.edu /nfs/guido04/dw08/d68/wck5/_derived prod01.htm_cmp_boldstri110_vbtn_a.gif
2001.08.07 16:36 B C:\My Documents\Web Site Stuff\UW Student Home Page\web11\_derived\prod02.htm_cmp_boldstri110_bnr.gif --> dante.u.washington.edu /nfs/guido04/dw08/d68/wck5/_derived prod02.htm_cmp_boldstri110_bnr.gif
2001.08.07 16:36 B C:\My Documents\Web Site Stuff\UW Student Home Page\web11\_derived\prod02.htm_cmp_boldstri110_hbtn.gif --> dante.u.washington.edu /nfs/guido04/dw08/d68/wck5/_derived prod02.htm_cmp_boldstri110_hbtn.gif
2001.08.07 16:36 B C:\My Documents\Web Site Stuff\UW Student Home Page\web11\_derived\prod02.htm_cmp_boldstri110_hbtn_a.gif --> dante.u.washington.edu /nfs/guido04/dw08/d68/wck5/_derived prod02.htm_cmp_boldstri110_hbtn_a.gif
2001.08.07 16:36 B C:\My Documents\Web Site Stuff\UW Student Home Page\web11\_derived\prod02.htm_cmp_boldstri110_hbtn_p.gif --> dante.u.washington.edu /nfs/guido04/dw08/d68/wck5/_derived prod02.htm_cmp_boldstri110_hbtn_p.gif
2001.08.07 16:36 B C:\My Documents\Web Site Stuff\UW Student Home Page\web11\_derived\prod02.htm_cmp_boldstri110_vbtn.gif --> dante.u.washington.edu /nfs/guido04/dw08/d68/wck5/_derived prod02.htm_cmp_boldstri110_vbtn.gif
2001.08.07 16:36 B C:\My Documents\Web Site Stuff\UW Student Home Page\web11\_derived\prod02.htm_cmp_boldstri110_vbtn_a.gif --> dante.u.washington.edu /nfs/guido04/dw08/d68/wck5/_derived prod02.htm_cmp_boldstri110_vbtn_a.gif
2001.08.07 16:37 B C:\My Documents\Web Site Stuff\UW Student Home Page\web11\_derived\prod03.htm_cmp_boldstri110_bnr.gif --> dante.u.washington.edu /nfs/guido04/dw08/d68/wck5/_derived prod03.htm_cmp_boldstri110_bnr.gif
2001.08.07 16:37 B C:\My Documents\Web Site Stuff\UW Student Home Page\web11\_derived\prod03.htm_cmp_boldstri110_hbtn.gif --> dante.u.washington.edu /nfs/guido04/dw08/d68/wck5/_derived prod03.htm_cmp_boldstri110_hbtn.gif
2001.08.07 16:37 B C:\My Documents\Web Site Stuff\UW Student Home Page\web11\_derived\prod03.htm_cmp_boldstri110_hbtn_a.gif --> dante.u.washington.edu /nfs/guido04/dw08/d68/wck5/_derived prod03.htm_cmp_boldstri110_hbtn_a.gif
2001.08.07 16:37 B C:\My Documents\Web Site Stuff\UW Student Home Page\web11\_derived\prod03.htm_cmp_boldstri110_hbtn_p.gif --> dante.u.washington.edu /nfs/guido04/dw08/d68/wck5/_derived prod03.htm_cmp_boldstri110_hbtn_p.gif
2001.08.07 16:37 B C:\My Documents\Web Site Stuff\UW Student Home Page\web11\_derived\prod03.htm_cmp_boldstri110_vbtn.gif --> dante.u.washington.edu /nfs/guido04/dw08/d68/wck5/_derived prod03.htm_cmp_boldstri110_vbtn.gif
2001.08.07 16:37 B C:\My Documents\Web Site Stuff\UW Student Home Page\web11\_derived\prod03.htm_cmp_boldstri110_vbtn_a.gif --> dante.u.washington.edu /nfs/guido04/dw08/d68/wck5/_derived prod03.htm_cmp_boldstri110_vbtn_a.gif
2001.08.07 16:37 B C:\My Documents\Web Site Stuff\UW Student Home Page\web11\_derived\products.htm_cmp_boldstri110_bnr.gif --> dante.u.washington.edu /nfs/guido04/dw08/d68/wck5/_derived products.htm_cmp_boldstri110_bnr.gif
2001.08.07 16:37 B C:\My Documents\Web Site Stuff\UW Student Home Page\web11\_derived\products.htm_cmp_boldstri110_hbtn.gif --> dante.u.washington.edu /nfs/guido04/dw08/d68/wck5/_derived products.htm_cmp_boldstri110_hbtn.gif
2001.08.07 16:37 B C:\My Documents\Web Site Stuff\UW Student Home Page\web11\_derived\products.htm_cmp_boldstri110_hbtn_a.gif --> dante.u.washington.edu /nfs/guido04/dw08/d68/wck5/_derived products.htm_cmp_boldstri110_hbtn_a.gif
2001.08.07 16:37 B C:\My Documents\Web Site Stuff\UW Student Home Page\web11\_derived\products.htm_cmp_boldstri110_hbtn_p.gif --> dante.u.washington.edu /nfs/guido04/dw08/d68/wck5/_derived products.htm_cmp_boldstri110_hbtn_p.gif
2001.08.07 16:37 B C:\My Documents\Web Site Stuff\UW Student Home Page\web11\_derived\products.htm_cmp_boldstri110_vbtn.gif --> dante.u.washington.edu /nfs/guido04/dw08/d68/wck5/_derived products.htm_cmp_boldstri110_vbtn.gif
2001.08.07 16:37 B C:\My Documents\Web Site Stuff\UW Student Home Page\web11\_derived\products.htm_cmp_boldstri110_vbtn_a.gif --> dante.u.washington.edu /nfs/guido04/dw08/d68/wck5/_derived products.htm_cmp_boldstri110_vbtn_a.gif
2001.08.07 16:37 B C:\My Documents\Web Site Stuff\UW Student Home Page\web11\_derived\products.htm_cmp_boldstri110_vbtn_p.gif --> dante.u.washington.edu /nfs/guido04/dw08/d68/wck5/_derived products.htm_cmp_boldstri110_vbtn_p.gif
2001.08.07 16:37 B C:\My Documents\Web Site Stuff\UW Student Home Page\web11\_derived\serv01.htm_cmp_boldstri110_bnr.gif --> dante.u.washington.edu /nfs/guido04/dw08/d68/wck5/_derived serv01.htm_cmp_boldstri110_bnr.gif
2001.08.07 16:37 B C:\My Documents\Web Site Stuff\UW Student Home Page\web11\_derived\serv01.htm_cmp_boldstri110_hbtn.gif --> dante.u.washington.edu /nfs/guido04/dw08/d68/wck5/_derived serv01.htm_cmp_boldstri110_hbtn.gif
2001.08.07 16:37 B C:\My Documents\Web Site Stuff\UW Student Home Page\web11\_derived\serv01.htm_cmp_boldstri110_hbtn_a.gif --> dante.u.washington.edu /nfs/guido04/dw08/d68/wck5/_derived serv01.htm_cmp_boldstri110_hbtn_a.gif
2001.08.07 16:37 B C:\My Documents\Web Site Stuff\UW Student Home Page\web11\_derived\serv01.htm_cmp_boldstri110_hbtn_p.gif --> dante.u.washington.edu /nfs/guido04/dw08/d68/wck5/_derived serv01.htm_cmp_boldstri110_hbtn_p.gif
2001.08.07 16:37 B C:\My Documents\Web Site Stuff\UW Student Home Page\web11\_derived\serv01.htm_cmp_boldstri110_vbtn.gif --> dante.u.washington.edu /nfs/guido04/dw08/d68/wck5/_derived serv01.htm_cmp_boldstri110_vbtn.gif
2001.08.07 16:37 B C:\My Documents\Web Site Stuff\UW Student Home Page\web11\_derived\serv01.htm_cmp_boldstri110_vbtn_a.gif --> dante.u.washington.edu /nfs/guido04/dw08/d68/wck5/_derived serv01.htm_cmp_boldstri110_vbtn_a.gif
2001.08.07 16:37 B C:\My Documents\Web Site Stuff\UW Student Home Page\web11\_derived\serv02.htm_cmp_boldstri110_bnr.gif --> dante.u.washington.edu /nfs/guido04/dw08/d68/wck5/_derived serv02.htm_cmp_boldstri110_bnr.gif
2001.08.07 16:37 B C:\My Documents\Web Site Stuff\UW Student Home Page\web11\_derived\serv02.htm_cmp_boldstri110_hbtn.gif --> dante.u.washington.edu /nfs/guido04/dw08/d68/wck5/_derived serv02.htm_cmp_boldstri110_hbtn.gif
2001.08.07 16:37 B C:\My Documents\Web Site Stuff\UW Student Home Page\web11\_derived\serv02.htm_cmp_boldstri110_hbtn_a.gif --> dante.u.washington.edu /nfs/guido04/dw08/d68/wck5/_derived serv02.htm_cmp_boldstri110_hbtn_a.gif
2001.08.07 16:37 B C:\My Documents\Web Site Stuff\UW Student Home Page\web11\_derived\serv02.htm_cmp_boldstri110_hbtn_p.gif --> dante.u.washington.edu /nfs/guido04/dw08/d68/wck5/_derived serv02.htm_cmp_boldstri110_hbtn_p.gif
2001.08.07 16:37 B C:\My Documents\Web Site Stuff\UW Student Home Page\web11\_derived\serv02.htm_cmp_boldstri110_vbtn.gif --> dante.u.washington.edu /nfs/guido04/dw08/d68/wck5/_derived serv02.htm_cmp_boldstri110_vbtn.gif
2001.08.07 16:37 B C:\My Documents\Web Site Stuff\UW Student Home Page\web11\_derived\serv02.htm_cmp_boldstri110_vbtn_a.gif --> dante.u.washington.edu /nfs/guido04/dw08/d68/wck5/_derived serv02.htm_cmp_boldstri110_vbtn_a.gif
2001.08.07 16:37 B C:\My Documents\Web Site Stuff\UW Student Home Page\web11\_derived\serv03.htm_cmp_boldstri110_bnr.gif --> dante.u.washington.edu /nfs/guido04/dw08/d68/wck5/_derived serv03.htm_cmp_boldstri110_bnr.gif
2001.08.07 16:37 B C:\My Documents\Web Site Stuff\UW Student Home Page\web11\_derived\serv03.htm_cmp_boldstri110_hbtn.gif --> dante.u.washington.edu /nfs/guido04/dw08/d68/wck5/_derived serv03.htm_cmp_boldstri110_hbtn.gif
2001.08.07 16:37 B C:\My Documents\Web Site Stuff\UW Student Home Page\web11\_derived\serv03.htm_cmp_boldstri110_hbtn_a.gif --> dante.u.washington.edu /nfs/guido04/dw08/d68/wck5/_derived serv03.htm_cmp_boldstri110_hbtn_a.gif
2001.08.07 16:37 B C:\My Documents\Web Site Stuff\UW Student Home Page\web11\_derived\serv03.htm_cmp_boldstri110_hbtn_p.gif --> dante.u.washington.edu /nfs/guido04/dw08/d68/wck5/_derived serv03.htm_cmp_boldstri110_hbtn_p.gif
2001.08.07 16:37 B C:\My Documents\Web Site Stuff\UW Student Home Page\web11\_derived\serv03.htm_cmp_boldstri110_vbtn.gif --> dante.u.washington.edu /nfs/guido04/dw08/d68/wck5/_derived serv03.htm_cmp_boldstri110_vbtn.gif
2001.08.07 16:37 B C:\My Documents\Web Site Stuff\UW Student Home Page\web11\_derived\serv03.htm_cmp_boldstri110_vbtn_a.gif --> dante.u.washington.edu /nfs/guido04/dw08/d68/wck5/_derived serv03.htm_cmp_boldstri110_vbtn_a.gif
2001.08.07 16:37 B C:\My Documents\Web Site Stuff\UW Student Home Page\web11\_derived\services.htm_cmp_boldstri110_bnr.gif --> dante.u.washington.edu /nfs/guido04/dw08/d68/wck5/_derived services.htm_cmp_boldstri110_bnr.gif
2001.08.07 16:37 B C:\My Documents\Web Site Stuff\UW Student Home Page\web11\_derived\services.htm_cmp_boldstri110_hbtn.gif --> dante.u.washington.edu /nfs/guido04/dw08/d68/wck5/_derived services.htm_cmp_boldstri110_hbtn.gif
2001.08.07 16:37 B C:\My Documents\Web Site Stuff\UW Student Home Page\web11\_derived\services.htm_cmp_boldstri110_hbtn_a.gif --> dante.u.washington.edu /nfs/guido04/dw08/d68/wck5/_derived services.htm_cmp_boldstri110_hbtn_a.gif
2001.08.07 16:37 B C:\My Documents\Web Site Stuff\UW Student Home Page\web11\_derived\services.htm_cmp_boldstri110_hbtn_p.gif --> dante.u.washington.edu /nfs/guido04/dw08/d68/wck5/_derived services.htm_cmp_boldstri110_hbtn_p.gif
2001.08.07 16:37 B C:\My Documents\Web Site Stuff\UW Student Home Page\web11\_derived\services.htm_cmp_boldstri110_vbtn.gif --> dante.u.washington.edu /nfs/guido04/dw08/d68/wck5/_derived services.htm_cmp_boldstri110_vbtn.gif
2001.08.07 16:37 B C:\My Documents\Web Site Stuff\UW Student Home Page\web11\_derived\services.htm_cmp_boldstri110_vbtn_a.gif --> dante.u.washington.edu /nfs/guido04/dw08/d68/wck5/_derived services.htm_cmp_boldstri110_vbtn_a.gif
2001.08.07 16:37 B C:\My Documents\Web Site Stuff\UW Student Home Page\web11\_derived\services.htm_cmp_boldstri110_vbtn_p.gif --> dante.u.washington.edu /nfs/guido04/dw08/d68/wck5/_derived services.htm_cmp_boldstri110_vbtn_p.gif
2001.08.07 16:37 B C:\My Documents\Web Site Stuff\UW Student Home Page\web11\_derived\toc.htm_cmp_boldstri110_bnr.gif --> dante.u.washington.edu /nfs/guido04/dw08/d68/wck5/_derived toc.htm_cmp_boldstri110_bnr.gif
2001.08.07 16:37 B C:\My Documents\Web Site Stuff\UW Student Home Page\web11\_derived\toc.htm_cmp_boldstri110_gbtn.gif --> dante.u.washington.edu /nfs/guido04/dw08/d68/wck5/_derived toc.htm_cmp_boldstri110_gbtn.gif
2001.08.07 16:37 B C:\My Documents\Web Site Stuff\UW Student Home Page\web11\_derived\up_cmp_boldstri110_gbtn.gif --> dante.u.washington.edu /nfs/guido04/dw08/d68/wck5/_derived up_cmp_boldstri110_gbtn.gif
2001.08.07 17:38 B C:\My Documents\Web Site Stuff\_derived\WS_FTP.LOG <-- dante.u.washington.edu /nfs/guido04/dw08/d68/wck5/_derived WS_FTP.LOG
2001.08.07 17:49 B C:\My Documents\Web Site Stuff\DDS web site\_derived\dental_articles1.htm_cmp_boldstri110_bnr.gif --> dante.u.washington.edu /nfs/guido04/dw08/d68/wck5/_derived dental_articles1.htm_cmp_boldstri110_bnr.gif
2001.08.07 17:49 B C:\My Documents\Web Site Stuff\DDS web site\_derived\dental_articles1.htm_cmp_boldstri110_vbtn.gif --> dante.u.washington.edu /nfs/guido04/dw08/d68/wck5/_derived dental_articles1.htm_cmp_boldstri110_vbtn.gif
2001.08.07 17:49 B C:\My Documents\Web Site Stuff\DDS web site\_derived\dental_articles1.htm_cmp_boldstri110_vbtn_a.gif --> dante.u.washington.edu /nfs/guido04/dw08/d68/wck5/_derived dental_articles1.htm_cmp_boldstri110_vbtn_a.gif
2001.08.07 17:49 B C:\My Documents\Web Site Stuff\DDS web site\_derived\dental_articles1.htm_cmp_boldstri110_vbtn_p.gif --> dante.u.washington.edu /nfs/guido04/dw08/d68/wck5/_derived dental_articles1.htm_cmp_boldstri110_vbtn_p.gif
2001.08.07 17:50 B C:\My Documents\Web Site Stuff\DDS web site\_derived\WS_FTP.LOG --> dante.u.washington.edu /nfs/guido04/dw08/d68/wck5/_derived WS_FTP.LOG
