2001.08.07 17:38 B C:\My Documents\Web Site Stuff\_overlay\home_nav_boldstri010_gbtn.gif <-- dante.u.washington.edu /nfs/guido04/dw08/d68/wck5/_overlay home_nav_boldstri010_gbtn.gif
2001.08.07 17:38 B C:\My Documents\Web Site Stuff\_overlay\home_nav_boldstri010_vbtn.gif <-- dante.u.washington.edu /nfs/guido04/dw08/d68/wck5/_overlay home_nav_boldstri010_vbtn.gif
2001.08.07 17:38 B C:\My Documents\Web Site Stuff\_overlay\how_to_join.htm_nav_boldstri010_bnr.gif <-- dante.u.washington.edu /nfs/guido04/dw08/d68/wck5/_overlay how_to_join.htm_nav_boldstri010_bnr.gif
2001.08.07 17:38 B C:\My Documents\Web Site Stuff\_overlay\how_to_join.htm_nav_boldstri010_vbtn.gif <-- dante.u.washington.edu /nfs/guido04/dw08/d68/wck5/_overlay how_to_join.htm_nav_boldstri010_vbtn.gif
2001.08.07 17:38 B C:\My Documents\Web Site Stuff\_overlay\index.htm_nav_boldstri010_bnr.gif <-- dante.u.washington.edu /nfs/guido04/dw08/d68/wck5/_overlay index.htm_nav_boldstri010_bnr.gif
2001.08.07 17:38 B C:\My Documents\Web Site Stuff\_overlay\new_page_2.htm_nav_boldstri010_bnr.gif <-- dante.u.washington.edu /nfs/guido04/dw08/d68/wck5/_overlay new_page_2.htm_nav_boldstri010_bnr.gif
2001.08.07 17:38 B C:\My Documents\Web Site Stuff\_overlay\new_page_2.htm_nav_boldstri010_vbtn.gif <-- dante.u.washington.edu /nfs/guido04/dw08/d68/wck5/_overlay new_page_2.htm_nav_boldstri010_vbtn.gif
2001.08.07 17:38 B C:\My Documents\Web Site Stuff\_overlay\news.htm_nav_boldstri010_bnr.gif <-- dante.u.washington.edu /nfs/guido04/dw08/d68/wck5/_overlay news.htm_nav_boldstri010_bnr.gif
2001.08.07 17:38 B C:\My Documents\Web Site Stuff\_overlay\news.htm_nav_boldstri010_hbtn.gif <-- dante.u.washington.edu /nfs/guido04/dw08/d68/wck5/_overlay news.htm_nav_boldstri010_hbtn.gif
2001.08.07 17:38 B C:\My Documents\Web Site Stuff\_overlay\news.htm_nav_boldstri010_vbtn.gif <-- dante.u.washington.edu /nfs/guido04/dw08/d68/wck5/_overlay news.htm_nav_boldstri010_vbtn.gif
2001.08.07 17:38 B C:\My Documents\Web Site Stuff\_overlay\photos.htm_nav_boldstri010_bnr.gif <-- dante.u.washington.edu /nfs/guido04/dw08/d68/wck5/_overlay photos.htm_nav_boldstri010_bnr.gif
2001.08.07 17:38 B C:\My Documents\Web Site Stuff\_overlay\photos.htm_nav_boldstri010_vbtn.gif <-- dante.u.washington.edu /nfs/guido04/dw08/d68/wck5/_overlay photos.htm_nav_boldstri010_vbtn.gif
2001.08.07 17:38 B C:\My Documents\Web Site Stuff\_overlay\position_description.htm_nav_boldstri010_bnr.gif <-- dante.u.washington.edu /nfs/guido04/dw08/d68/wck5/_overlay position_description.htm_nav_boldstri010_bnr.gif
2001.08.07 17:38 B C:\My Documents\Web Site Stuff\_overlay\position_description.htm_nav_boldstri010_vbtn.gif <-- dante.u.washington.edu /nfs/guido04/dw08/d68/wck5/_overlay position_description.htm_nav_boldstri010_vbtn.gif
2001.08.07 17:38 B C:\My Documents\Web Site Stuff\_overlay\services.htm_nav_boldstri010_bnr.gif <-- dante.u.washington.edu /nfs/guido04/dw08/d68/wck5/_overlay services.htm_nav_boldstri010_bnr.gif
2001.08.07 17:38 B C:\My Documents\Web Site Stuff\_overlay\services.htm_nav_boldstri010_hbtn.gif <-- dante.u.washington.edu /nfs/guido04/dw08/d68/wck5/_overlay services.htm_nav_boldstri010_hbtn.gif
2001.08.07 17:38 B C:\My Documents\Web Site Stuff\_overlay\services.htm_nav_boldstri010_vbtn.gif <-- dante.u.washington.edu /nfs/guido04/dw08/d68/wck5/_overlay services.htm_nav_boldstri010_vbtn.gif
2001.08.07 17:38 B C:\My Documents\Web Site Stuff\_overlay\up_nav_boldstri010_gbtn.gif <-- dante.u.washington.edu /nfs/guido04/dw08/d68/wck5/_overlay up_nav_boldstri010_gbtn.gif
2001.08.07 17:50 B C:\My Documents\Web Site Stuff\DDS web site\_overlay\dental_articles1.htm_nav_boldstri010_bnr.gif --> dante.u.washington.edu /nfs/guido04/dw08/d68/wck5/_overlay dental_articles1.htm_nav_boldstri010_bnr.gif
2001.08.07 17:50 B C:\My Documents\Web Site Stuff\DDS web site\_overlay\dental_articles1.htm_nav_boldstri010_vbtn.gif --> dante.u.washington.edu /nfs/guido04/dw08/d68/wck5/_overlay dental_articles1.htm_nav_boldstri010_vbtn.gif
2001.08.07 17:50 B C:\My Documents\Web Site Stuff\DDS web site\_overlay\WS_FTP.LOG --> dante.u.washington.edu /nfs/guido04/dw08/d68/wck5/_overlay WS_FTP.LOG
