2001.08.07 17:39 B C:\My Documents\Web Site Stuff\dental_articles.htm <-- dante.u.washington.edu /nfs/guido04/dw08/d68/wck5 dental_articles.htm
2001.08.07 17:39 B C:\My Documents\Web Site Stuff\how_to_join.htm <-- dante.u.washington.edu /nfs/guido04/dw08/d68/wck5 how_to_join.htm
2001.08.07 17:39 B C:\My Documents\Web Site Stuff\index.htm <-- dante.u.washington.edu /nfs/guido04/dw08/d68/wck5 index.htm
2001.08.07 17:39 B C:\My Documents\Web Site Stuff\new_page_2.htm <-- dante.u.washington.edu /nfs/guido04/dw08/d68/wck5 new_page_2.htm
2001.08.07 17:39 B C:\My Documents\Web Site Stuff\news.htm <-- dante.u.washington.edu /nfs/guido04/dw08/d68/wck5 news.htm
2001.08.07 17:39 B C:\My Documents\Web Site Stuff\photos.htm <-- dante.u.washington.edu /nfs/guido04/dw08/d68/wck5 photos.htm
2001.08.07 17:39 B C:\My Documents\Web Site Stuff\position_description.htm <-- dante.u.washington.edu /nfs/guido04/dw08/d68/wck5 position_description.htm
2001.08.07 17:39 B C:\My Documents\Web Site Stuff\prod01.htm <-- dante.u.washington.edu /nfs/guido04/dw08/d68/wck5 prod01.htm
2001.08.07 17:39 B C:\My Documents\Web Site Stuff\prod02.htm <-- dante.u.washington.edu /nfs/guido04/dw08/d68/wck5 prod02.htm
2001.08.07 17:39 B C:\My Documents\Web Site Stuff\prod03.htm <-- dante.u.washington.edu /nfs/guido04/dw08/d68/wck5 prod03.htm
2001.08.07 17:39 B C:\My Documents\Web Site Stuff\products.htm <-- dante.u.washington.edu /nfs/guido04/dw08/d68/wck5 products.htm
2001.08.07 17:39 B C:\My Documents\Web Site Stuff\serv01.htm <-- dante.u.washington.edu /nfs/guido04/dw08/d68/wck5 serv01.htm
2001.08.07 17:39 B C:\My Documents\Web Site Stuff\serv02.htm <-- dante.u.washington.edu /nfs/guido04/dw08/d68/wck5 serv02.htm
2001.08.07 17:39 B C:\My Documents\Web Site Stuff\serv03.htm <-- dante.u.washington.edu /nfs/guido04/dw08/d68/wck5 serv03.htm
2001.08.07 17:39 B C:\My Documents\Web Site Stuff\services.htm <-- dante.u.washington.edu /nfs/guido04/dw08/d68/wck5 services.htm
2001.08.07 17:39 B C:\My Documents\Web Site Stuff\toc.htm <-- dante.u.washington.edu /nfs/guido04/dw08/d68/wck5 toc.htm
2001.08.07 17:48 B C:\My Documents\Web Site Stuff\DDS web site\dental_articles.htm --> dante.u.washington.edu /nfs/guido04/dw08/d68/wck5 dental_articles.htm
2001.08.07 17:48 B C:\My Documents\Web Site Stuff\DDS web site\dental_articles1.htm --> dante.u.washington.edu /nfs/guido04/dw08/d68/wck5 dental_articles1.htm
2001.08.07 17:48 B C:\My Documents\Web Site Stuff\DDS web site\how_to_join.htm --> dante.u.washington.edu /nfs/guido04/dw08/d68/wck5 how_to_join.htm
2001.08.07 17:48 B C:\My Documents\Web Site Stuff\DDS web site\index.htm --> dante.u.washington.edu /nfs/guido04/dw08/d68/wck5 index.htm
2001.08.07 17:48 B C:\My Documents\Web Site Stuff\DDS web site\new_page_2.htm --> dante.u.washington.edu /nfs/guido04/dw08/d68/wck5 new_page_2.htm
2001.08.07 17:48 B C:\My Documents\Web Site Stuff\DDS web site\news.htm --> dante.u.washington.edu /nfs/guido04/dw08/d68/wck5 news.htm
2001.08.07 17:48 B C:\My Documents\Web Site Stuff\DDS web site\photos.htm --> dante.u.washington.edu /nfs/guido04/dw08/d68/wck5 photos.htm
2001.08.07 17:48 B C:\My Documents\Web Site Stuff\DDS web site\position_description.htm --> dante.u.washington.edu /nfs/guido04/dw08/d68/wck5 position_description.htm
2001.08.07 17:48 B C:\My Documents\Web Site Stuff\DDS web site\prod01.htm --> dante.u.washington.edu /nfs/guido04/dw08/d68/wck5 prod01.htm
2001.08.07 17:48 B C:\My Documents\Web Site Stuff\DDS web site\prod02.htm --> dante.u.washington.edu /nfs/guido04/dw08/d68/wck5 prod02.htm
2001.08.07 17:48 B C:\My Documents\Web Site Stuff\DDS web site\prod03.htm --> dante.u.washington.edu /nfs/guido04/dw08/d68/wck5 prod03.htm
2001.08.07 17:48 B C:\My Documents\Web Site Stuff\DDS web site\products.htm --> dante.u.washington.edu /nfs/guido04/dw08/d68/wck5 products.htm
2001.08.07 17:48 B C:\My Documents\Web Site Stuff\DDS web site\serv01.htm --> dante.u.washington.edu /nfs/guido04/dw08/d68/wck5 serv01.htm
2001.08.07 17:48 B C:\My Documents\Web Site Stuff\DDS web site\serv02.htm --> dante.u.washington.edu /nfs/guido04/dw08/d68/wck5 serv02.htm
2001.08.07 17:48 B C:\My Documents\Web Site Stuff\DDS web site\serv03.htm --> dante.u.washington.edu /nfs/guido04/dw08/d68/wck5 serv03.htm
2001.08.07 17:48 B C:\My Documents\Web Site Stuff\DDS web site\services.htm --> dante.u.washington.edu /nfs/guido04/dw08/d68/wck5 services.htm
2001.08.07 17:48 B C:\My Documents\Web Site Stuff\DDS web site\toc.htm --> dante.u.washington.edu /nfs/guido04/dw08/d68/wck5 toc.htm
2001.08.07 17:59 B C:\My Documents\Web Site Stuff\DDS web site\dental_articles1.htm --> dante.u.washington.edu /nfs/guido04/dw08/d68/wck5 dental_articles1.htm
2001.08.07 17:59 B C:\My Documents\Web Site Stuff\DDS web site\how_to_join.htm --> dante.u.washington.edu /nfs/guido04/dw08/d68/wck5 how_to_join.htm
2001.08.07 17:59 B C:\My Documents\Web Site Stuff\DDS web site\index.htm --> dante.u.washington.edu /nfs/guido04/dw08/d68/wck5 index.htm
2001.08.07 17:59 B C:\My Documents\Web Site Stuff\DDS web site\new_page_2.htm --> dante.u.washington.edu /nfs/guido04/dw08/d68/wck5 new_page_2.htm
2001.08.07 17:59 B C:\My Documents\Web Site Stuff\DDS web site\news.htm --> dante.u.washington.edu /nfs/guido04/dw08/d68/wck5 news.htm
2001.08.07 17:59 B C:\My Documents\Web Site Stuff\DDS web site\photos.htm --> dante.u.washington.edu /nfs/guido04/dw08/d68/wck5 photos.htm
2001.08.07 17:59 B C:\My Documents\Web Site Stuff\DDS web site\position_description.htm --> dante.u.washington.edu /nfs/guido04/dw08/d68/wck5 position_description.htm
2001.08.07 17:59 B C:\My Documents\Web Site Stuff\DDS web site\services.htm --> dante.u.washington.edu /nfs/guido04/dw08/d68/wck5 services.htm
2001.08.07 17:59 B C:\My Documents\Web Site Stuff\DDS web site\toc.htm --> dante.u.washington.edu /nfs/guido04/dw08/d68/wck5 toc.htm
2001.08.07 18:02 B C:\My Documents\Web Site Stuff\DDS web site\dental_articles1.htm --> dante.u.washington.edu /nfs/guido04/dw08/d68/wck5 dental_articles1.htm
2001.08.07 18:02 B C:\My Documents\Web Site Stuff\DDS web site\how_to_join.htm --> dante.u.washington.edu /nfs/guido04/dw08/d68/wck5 how_to_join.htm
2001.08.07 18:02 B C:\My Documents\Web Site Stuff\DDS web site\index.htm --> dante.u.washington.edu /nfs/guido04/dw08/d68/wck5 index.htm
2001.08.07 18:02 B C:\My Documents\Web Site Stuff\DDS web site\new_page_2.htm --> dante.u.washington.edu /nfs/guido04/dw08/d68/wck5 new_page_2.htm
2001.08.07 18:02 B C:\My Documents\Web Site Stuff\DDS web site\news.htm --> dante.u.washington.edu /nfs/guido04/dw08/d68/wck5 news.htm
2001.08.07 18:02 B C:\My Documents\Web Site Stuff\DDS web site\photos.htm --> dante.u.washington.edu /nfs/guido04/dw08/d68/wck5 photos.htm
2001.08.07 18:02 B C:\My Documents\Web Site Stuff\DDS web site\position_description.htm --> dante.u.washington.edu /nfs/guido04/dw08/d68/wck5 position_description.htm
2001.08.07 18:02 B C:\My Documents\Web Site Stuff\DDS web site\prod01.htm --> dante.u.washington.edu /nfs/guido04/dw08/d68/wck5 prod01.htm
2001.08.07 18:02 B C:\My Documents\Web Site Stuff\DDS web site\prod02.htm --> dante.u.washington.edu /nfs/guido04/dw08/d68/wck5 prod02.htm
2001.08.07 18:02 B C:\My Documents\Web Site Stuff\DDS web site\prod03.htm --> dante.u.washington.edu /nfs/guido04/dw08/d68/wck5 prod03.htm
2001.08.07 18:02 B C:\My Documents\Web Site Stuff\DDS web site\products.htm --> dante.u.washington.edu /nfs/guido04/dw08/d68/wck5 products.htm
2001.08.07 18:02 B C:\My Documents\Web Site Stuff\DDS web site\serv01.htm --> dante.u.washington.edu /nfs/guido04/dw08/d68/wck5 serv01.htm
2001.08.07 18:02 B C:\My Documents\Web Site Stuff\DDS web site\serv02.htm --> dante.u.washington.edu /nfs/guido04/dw08/d68/wck5 serv02.htm
2001.08.07 18:02 B C:\My Documents\Web Site Stuff\DDS web site\serv03.htm --> dante.u.washington.edu /nfs/guido04/dw08/d68/wck5 serv03.htm
2001.08.07 18:02 B C:\My Documents\Web Site Stuff\DDS web site\services.htm --> dante.u.washington.edu /nfs/guido04/dw08/d68/wck5 services.htm
2001.08.07 18:02 B C:\My Documents\Web Site Stuff\DDS web site\toc.htm --> dante.u.washington.edu /nfs/guido04/dw08/d68/wck5 toc.htm
2001.08.08 09:28 B C:\My Documents\Web Site Stuff\DDS web site\dental_articles1.htm --> dante.u.washington.edu /nfs/guido04/dw08/d68/wck5 dental_articles1.htm
2001.08.08 09:28 B C:\My Documents\Web Site Stuff\DDS web site\how_to_join.htm --> dante.u.washington.edu /nfs/guido04/dw08/d68/wck5 how_to_join.htm
2001.08.08 09:28 B C:\My Documents\Web Site Stuff\DDS web site\index.htm --> dante.u.washington.edu /nfs/guido04/dw08/d68/wck5 index.htm
2001.08.08 09:28 B C:\My Documents\Web Site Stuff\DDS web site\new_page_2.htm --> dante.u.washington.edu /nfs/guido04/dw08/d68/wck5 new_page_2.htm
2001.08.08 09:28 B C:\My Documents\Web Site Stuff\DDS web site\news.htm --> dante.u.washington.edu /nfs/guido04/dw08/d68/wck5 news.htm
2001.08.08 09:28 B C:\My Documents\Web Site Stuff\DDS web site\photos.htm --> dante.u.washington.edu /nfs/guido04/dw08/d68/wck5 photos.htm
2001.08.08 09:28 B C:\My Documents\Web Site Stuff\DDS web site\position_description.htm --> dante.u.washington.edu /nfs/guido04/dw08/d68/wck5 position_description.htm
2001.08.08 09:28 B C:\My Documents\Web Site Stuff\DDS web site\prod01.htm --> dante.u.washington.edu /nfs/guido04/dw08/d68/wck5 prod01.htm
2001.08.08 09:28 B C:\My Documents\Web Site Stuff\DDS web site\prod02.htm --> dante.u.washington.edu /nfs/guido04/dw08/d68/wck5 prod02.htm
2001.08.08 09:28 B C:\My Documents\Web Site Stuff\DDS web site\prod03.htm --> dante.u.washington.edu /nfs/guido04/dw08/d68/wck5 prod03.htm
2001.08.08 09:28 B C:\My Documents\Web Site Stuff\DDS web site\products.htm --> dante.u.washington.edu /nfs/guido04/dw08/d68/wck5 products.htm
2001.08.08 09:28 B C:\My Documents\Web Site Stuff\DDS web site\serv01.htm --> dante.u.washington.edu /nfs/guido04/dw08/d68/wck5 serv01.htm
2001.08.08 09:28 B C:\My Documents\Web Site Stuff\DDS web site\serv02.htm --> dante.u.washington.edu /nfs/guido04/dw08/d68/wck5 serv02.htm
2001.08.08 09:28 B C:\My Documents\Web Site Stuff\DDS web site\serv03.htm --> dante.u.washington.edu /nfs/guido04/dw08/d68/wck5 serv03.htm
2001.08.08 09:28 B C:\My Documents\Web Site Stuff\DDS web site\services.htm --> dante.u.washington.edu /nfs/guido04/dw08/d68/wck5 services.htm
2001.08.08 09:28 B C:\My Documents\Web Site Stuff\DDS web site\toc.htm --> dante.u.washington.edu /nfs/guido04/dw08/d68/wck5 toc.htm
